<?xml version="1.0" encoding="UTF-8"?>
<testng-results ignored="2" total="9" passed="7" failed="0" skipped="0">
  <reporter-output>
  </reporter-output>
  <suite started-at="2024-08-04T02:38:36 IST" name="Loan Department" finished-at="2024-08-04T02:38:36 IST" duration-ms="137">
    <groups>
    </groups>
    <test started-at="2024-08-04T02:38:36 IST" name="Personal Loan" finished-at="2024-08-04T02:38:36 IST" duration-ms="52">
      <class name="Test.day1">
        <test-method signature="Demo()[pri:0, instance:Test.day1@5ace1ed4]" started-at="2024-08-04T02:38:36 IST" name="Demo" finished-at="2024-08-04T02:38:36 IST" duration-ms="6" status="PASS">
          <reporter-output>
          </reporter-output>
        </test-method> <!-- Demo -->
      </class> <!-- Test.day1 -->
      <class name="Test.day2">
        <test-method signature="Check()[pri:0, instance:Test.day2@3514a4c0]" started-at="2024-08-04T02:38:36 IST" name="Check" finished-at="2024-08-04T02:38:36 IST" duration-ms="1" status="PASS">
          <reporter-output>
          </reporter-output>
        </test-method> <!-- Check -->
      </class> <!-- Test.day2 -->
      <class name="Test.day4">
        <test-method signature="LoginAPIHomeLoan()[pri:0, instance:Test.day4@212b5695]" started-at="2024-08-04T02:38:36 IST" name="LoginAPIHomeLoan" finished-at="2024-08-04T02:38:36 IST" duration-ms="2" status="PASS">
          <reporter-output>
          </reporter-output>
        </test-method> <!-- LoginAPIHomeLoan -->
        <test-method signature="MobileLoginHomeLoan()[pri:0, instance:Test.day4@212b5695]" started-at="2024-08-04T02:38:36 IST" name="MobileLoginHomeLoan" finished-at="2024-08-04T02:38:36 IST" duration-ms="1" status="PASS">
          <reporter-output>
          </reporter-output>
        </test-method> <!-- MobileLoginHomeLoan -->
        <test-method signature="WebloginHomeLoan()[pri:0, instance:Test.day4@212b5695]" started-at="2024-08-04T02:38:36 IST" name="WebloginHomeLoan" finished-at="2024-08-04T02:38:36 IST" duration-ms="1" status="PASS">
          <reporter-output>
          </reporter-output>
        </test-method> <!-- WebloginHomeLoan -->
      </class> <!-- Test.day4 -->
    </test> <!-- Personal Loan -->
    <test started-at="2024-08-04T02:38:36 IST" name="Car Loan" finished-at="2024-08-04T02:38:36 IST" duration-ms="6">
      <class name="Test.day3">
        <test-method signature="LoginAPICarLoan()[pri:0, instance:Test.day3@5d7148e2]" started-at="2024-08-04T02:38:36 IST" name="LoginAPICarLoan" finished-at="2024-08-04T02:38:36 IST" duration-ms="1" status="PASS">
          <reporter-output>
          </reporter-output>
        </test-method> <!-- LoginAPICarLoan -->
        <test-method signature="WebloginCarLoan()[pri:0, instance:Test.day3@5d7148e2]" started-at="2024-08-04T02:38:36 IST" name="WebloginCarLoan" finished-at="2024-08-04T02:38:36 IST" duration-ms="1" status="PASS">
          <reporter-output>
          </reporter-output>
        </test-method> <!-- WebloginCarLoan -->
      </class> <!-- Test.day3 -->
    </test> <!-- Car Loan -->
  </suite> <!-- Loan Department -->
</testng-results>
