<?xml version="1.0" encoding="UTF-8"?>
<!-- Generated by org.testng.reporters.JUnitXMLReporter -->
<testsuite ignored="1" hostname="LPT1004-M1" failures="0" tests="2" name="Car Loan" time="0.006" errors="0" timestamp="2024-08-04T02:38:36 IST">
  <testcase classname="Test.day3" name="LoginAPICarLoan" time="0.001"/>
  <testcase classname="Test.day3" name="WebloginCarLoan" time="0.001"/>
  <testcase classname="Test.day3" name="MobileLoginCarLoan" time="0.0">
    <ignored/>
  </testcase> <!-- MobileLoginCarLoan -->
</testsuite> <!-- Car Loan -->
