<?xml version="1.0" encoding="UTF-8"?>
<!-- Generated by org.testng.reporters.JUnitXMLReporter -->
<testsuite ignored="1" hostname="LPT1004-M1" failures="0" tests="5" name="Personal Loan" time="0.052" errors="0" timestamp="2024-08-04T02:38:36 IST">
  <testcase classname="Test.day1" name="Demo" time="0.006"/>
  <testcase classname="Test.day2" name="Check" time="0.001"/>
  <testcase classname="Test.day4" name="LoginAPIHomeLoan" time="0.002"/>
  <testcase classname="Test.day4" name="MobileLoginHomeLoan" time="0.001"/>
  <testcase classname="Test.day4" name="WebloginHomeLoan" time="0.001"/>
  <testcase classname="Test.day1" name="SecondTest" time="0.0">
    <ignored/>
  </testcase> <!-- SecondTest -->
</testsuite> <!-- Personal Loan -->
